<?xml version="1.0" encoding="UTF-8"?>
<!-- Generated by org.testng.reporters.JUnitReportReporter -->
<testsuite hostname="Faizur" failures="0" tests="9" name="module_LoginPage.TS_001_ValidateLoginCredentials" time="69.909" errors="0" timestamp="2024-07-04T13:57:27 IST" skipped="0">
  <testcase classname="module_LoginPage.TS_001_ValidateLoginCredentials" name="TC_002_Login_WrongPassword" time="6.508"/>
  <testcase classname="module_LoginPage.TS_001_ValidateLoginCredentials" name="TC_002_Login_WrongPassword" time="6.066"/>
  <testcase classname="module_LoginPage.TS_001_ValidateLoginCredentials" name="TC_001_Login_ValidCredentials" time="11.481"/>
  <testcase classname="module_LoginPage.TS_001_ValidateLoginCredentials" name="TC_001_Login_ValidCredentials" time="13.251"/>
  <testcase classname="module_LoginPage.TS_001_ValidateLoginCredentials" name="TC_002_Login_WrongPassword" time="5.186"/>
  <testcase classname="module_LoginPage.TS_001_ValidateLoginCredentials" name="TC_003_Login_InvalidUsername" time="4.651"/>
  <testcase classname="module_LoginPage.TS_001_ValidateLoginCredentials" name="TC_003_Login_InvalidUsername" time="6.621"/>
  <testcase classname="module_LoginPage.TS_001_ValidateLoginCredentials" name="TC_003_Login_InvalidUsername" time="6.226"/>
  <testcase classname="module_LoginPage.TS_001_ValidateLoginCredentials" name="TC_001_Login_ValidCredentials" time="9.919"/>
</testsuite> <!-- module_LoginPage.TS_001_ValidateLoginCredentials -->
