<?xml version="1.0" encoding="UTF-8"?>
<!-- Generated by org.testng.reporters.JUnitReportReporter -->
<testsuite hostname="Faizur" failures="0" tests="1" name="module_LoginPage.TS_001_ValidateLoginCredentials" time="4.984" errors="0" timestamp="2024-06-29T00:27:26 IST" skipped="0">
  <testcase classname="module_LoginPage.TS_001_ValidateLoginCredentials" name="TC_001_Login_ValidCredentials" time="4.984"/>
</testsuite> <!-- module_LoginPage.TS_001_ValidateLoginCredentials -->
